<?xml version="1.0" encoding="UTF-8"?>
<robot generator="Robot 4.0.3 (Python 3.9.5 on win32)" generated="20210705 23:38:57.100" rpa="false" schemaversion="2">
<suite id="s1" name="Variables" source="C:\Users\gabri\OneDrive\Documentos\PrimeExperts Projects\PrimeExperts_junho_28_2021\variables">
<suite id="s1-s1" name="Dicionary" source="C:\Users\gabri\OneDrive\Documentos\PrimeExperts Projects\PrimeExperts_junho_28_2021\variables\dicionary.robot">
<test id="s1-s1-t1" name="Meu teste imprimindo uma lista de FRUTAS">
<kw name="Logar no meu terminal uma lista de FRUTAS">
<kw name="Set Suite Variable" library="BuiltIn">
<arg>${nova_fruta}</arg>
<arg>morango</arg>
<doc>Makes a variable available everywhere within the scope of the current suite.</doc>
<msg timestamp="20210705 23:38:57.133" level="INFO">${nova_fruta} = morango</msg>
<status status="PASS" starttime="20210705 23:38:57.133" endtime="20210705 23:38:57.133"/>
</kw>
<kw name="Set Variable" library="BuiltIn">
<var>${nova_fruta2}</var>
<arg>uva</arg>
<doc>Returns the given values which can then be assigned to a variables.</doc>
<msg timestamp="20210705 23:38:57.134" level="INFO">${nova_fruta2} = uva</msg>
<status status="PASS" starttime="20210705 23:38:57.133" endtime="20210705 23:38:57.134"/>
</kw>
<kw name="Log To Console" library="BuiltIn">
<arg>${\n}</arg>
<doc>Logs the given message to the console.</doc>
<status status="PASS" starttime="20210705 23:38:57.134" endtime="20210705 23:38:57.134"/>
</kw>
<kw name="Log To Console" library="BuiltIn">
<arg>${FRUTAS} ${nova_fruta} ${nova_fruta2}</arg>
<doc>Logs the given message to the console.</doc>
<status status="PASS" starttime="20210705 23:38:57.134" endtime="20210705 23:38:57.134"/>
</kw>
<kw name="Log Many" library="BuiltIn">
<arg>${FRUTAS}</arg>
<doc>Logs the given messages as separate entries using the INFO level.</doc>
<msg timestamp="20210705 23:38:57.135" level="INFO">['banana', 'maca', 'laranja']</msg>
<status status="PASS" starttime="20210705 23:38:57.135" endtime="20210705 23:38:57.135"/>
</kw>
<kw name="Log To Console" library="BuiltIn">
<arg>${nova_fruta} ${nova_fruta2}</arg>
<doc>Logs the given message to the console.</doc>
<status status="PASS" starttime="20210705 23:38:57.135" endtime="20210705 23:38:57.135"/>
</kw>
<status status="PASS" starttime="20210705 23:38:57.133" endtime="20210705 23:38:57.135"/>
</kw>
<status status="PASS" starttime="20210705 23:38:57.132" endtime="20210705 23:38:57.136"/>
</test>
<test id="s1-s1-t2" name="Meu teste de impressao de mensagem no terminal">
<kw name="Logar no terminal uma mensagem">
<kw name="Log To Console" library="BuiltIn">
<arg>${nova_fruta}</arg>
<doc>Logs the given message to the console.</doc>
<status status="PASS" starttime="20210705 23:38:57.137" endtime="20210705 23:38:57.138"/>
</kw>
<kw name="Log To Console" library="BuiltIn">
<arg>${PESSOA}</arg>
<doc>Logs the given message to the console.</doc>
<status status="PASS" starttime="20210705 23:38:57.138" endtime="20210705 23:38:57.138"/>
</kw>
<kw name="Log To Console" library="BuiltIn">
<arg>${\n}</arg>
<doc>Logs the given message to the console.</doc>
<status status="PASS" starttime="20210705 23:38:57.138" endtime="20210705 23:38:57.139"/>
</kw>
<kw name="Log To Console" library="BuiltIn">
<arg>${MENSAGEM}</arg>
<doc>Logs the given message to the console.</doc>
<status status="PASS" starttime="20210705 23:38:57.139" endtime="20210705 23:38:57.139"/>
</kw>
<status status="PASS" starttime="20210705 23:38:57.137" endtime="20210705 23:38:57.139"/>
</kw>
<status status="PASS" starttime="20210705 23:38:57.137" endtime="20210705 23:38:57.139"/>
</test>
<test id="s1-s1-t3" name="Meu teste imprimindo um dicionario de Pessoa">
<kw name="Logar no meu terminal uma PESSOA">
<kw name="Log To Console" library="BuiltIn">
<arg>${\n}</arg>
<doc>Logs the given message to the console.</doc>
<status status="PASS" starttime="20210705 23:38:57.140" endtime="20210705 23:38:57.141"/>
</kw>
<kw name="Log To Console" library="BuiltIn">
<arg>${PESSOA}</arg>
<doc>Logs the given message to the console.</doc>
<status status="PASS" starttime="20210705 23:38:57.141" endtime="20210705 23:38:57.141"/>
</kw>
<kw name="Log To Console" library="BuiltIn">
<arg>${\n}</arg>
<doc>Logs the given message to the console.</doc>
<status status="PASS" starttime="20210705 23:38:57.141" endtime="20210705 23:38:57.142"/>
</kw>
<kw name="Log To Console" library="BuiltIn">
<arg>${PESSOA.nome} ${PESSOA.sobrenome} ${PESSOA.idade} anos!</arg>
<doc>Logs the given message to the console.</doc>
<status status="PASS" starttime="20210705 23:38:57.142" endtime="20210705 23:38:57.145"/>
</kw>
<status status="PASS" starttime="20210705 23:38:57.140" endtime="20210705 23:38:57.146"/>
</kw>
<status status="PASS" starttime="20210705 23:38:57.140" endtime="20210705 23:38:57.165"/>
</test>
<doc>Meu teste de variaveis</doc>
<status status="PASS" starttime="20210705 23:38:57.122" endtime="20210705 23:38:57.166"/>
</suite>
<suite id="s1-s2" name="Teste Variaveis" source="C:\Users\gabri\OneDrive\Documentos\PrimeExperts Projects\PrimeExperts_junho_28_2021\variables\teste_variaveis.robot">
<test id="s1-s2-t1" name="Meu teste de impressao de mensagem no terminal">
<kw name="Logar no terminal uma mensagem">
<kw name="Log To Console" library="BuiltIn">
<arg>${MENSAGEM}</arg>
<doc>Logs the given message to the console.</doc>
<status status="PASS" starttime="20210705 23:38:57.173" endtime="20210705 23:38:57.173"/>
</kw>
<status status="PASS" starttime="20210705 23:38:57.172" endtime="20210705 23:38:57.173"/>
</kw>
<status status="PASS" starttime="20210705 23:38:57.172" endtime="20210705 23:38:57.174"/>
</test>
<doc>Meu teste de variaveis</doc>
<status status="PASS" starttime="20210705 23:38:57.169" endtime="20210705 23:38:57.175"/>
</suite>
<status status="PASS" starttime="20210705 23:38:57.102" endtime="20210705 23:38:57.178"/>
</suite>
<statistics>
<total>
<stat pass="4" fail="0" skip="0">All Tests</stat>
</total>
<tag>
</tag>
<suite>
<stat pass="4" fail="0" skip="0" id="s1" name="Variables">Variables</stat>
<stat pass="3" fail="0" skip="0" id="s1-s1" name="Dicionary">Variables.Dicionary</stat>
<stat pass="1" fail="0" skip="0" id="s1-s2" name="Teste Variaveis">Variables.Teste Variaveis</stat>
</suite>
</statistics>
<errors>
</errors>
</robot>
