<?xml version="1.0" encoding="UTF-8"?>
<robot generator="Robot 4.0.3 (Python 3.9.5 on win32)" generated="20210706 00:00:37.253" rpa="false" schemaversion="2">
<suite id="s1" name="For" source="C:\Users\gabri\OneDrive\Documentos\PrimeExperts Projects\PrimeExperts_junho_28_2021\for">
<suite id="s1-s1" name="For" source="C:\Users\gabri\OneDrive\Documentos\PrimeExperts Projects\PrimeExperts_junho_28_2021\for\for.robot">
<test id="s1-s1-t1" name="contando ate 9">
<kw name="Contar">
<arg>1</arg>
<arg>9</arg>
<for flavor="IN RANGE">
<var>${count}</var>
<value>${num_inicial}</value>
<value>${num_final}</value>
<iter>
<var name="${count}">1</var>
<kw name="Log To Console" library="BuiltIn">
<arg>${\n}Estou no numero: ${count}</arg>
<doc>Logs the given message to the console.</doc>
<status status="PASS" starttime="20210706 00:00:37.287" endtime="20210706 00:00:37.288"/>
</kw>
<status status="PASS" starttime="20210706 00:00:37.287" endtime="20210706 00:00:37.288"/>
</iter>
<iter>
<var name="${count}">2</var>
<kw name="Log To Console" library="BuiltIn">
<arg>${\n}Estou no numero: ${count}</arg>
<doc>Logs the given message to the console.</doc>
<status status="PASS" starttime="20210706 00:00:37.288" endtime="20210706 00:00:37.289"/>
</kw>
<status status="PASS" starttime="20210706 00:00:37.288" endtime="20210706 00:00:37.289"/>
</iter>
<iter>
<var name="${count}">3</var>
<kw name="Log To Console" library="BuiltIn">
<arg>${\n}Estou no numero: ${count}</arg>
<doc>Logs the given message to the console.</doc>
<status status="PASS" starttime="20210706 00:00:37.289" endtime="20210706 00:00:37.290"/>
</kw>
<status status="PASS" starttime="20210706 00:00:37.289" endtime="20210706 00:00:37.290"/>
</iter>
<iter>
<var name="${count}">4</var>
<kw name="Log To Console" library="BuiltIn">
<arg>${\n}Estou no numero: ${count}</arg>
<doc>Logs the given message to the console.</doc>
<status status="PASS" starttime="20210706 00:00:37.290" endtime="20210706 00:00:37.291"/>
</kw>
<status status="PASS" starttime="20210706 00:00:37.290" endtime="20210706 00:00:37.291"/>
</iter>
<iter>
<var name="${count}">5</var>
<kw name="Log To Console" library="BuiltIn">
<arg>${\n}Estou no numero: ${count}</arg>
<doc>Logs the given message to the console.</doc>
<status status="PASS" starttime="20210706 00:00:37.291" endtime="20210706 00:00:37.292"/>
</kw>
<status status="PASS" starttime="20210706 00:00:37.291" endtime="20210706 00:00:37.292"/>
</iter>
<iter>
<var name="${count}">6</var>
<kw name="Log To Console" library="BuiltIn">
<arg>${\n}Estou no numero: ${count}</arg>
<doc>Logs the given message to the console.</doc>
<status status="PASS" starttime="20210706 00:00:37.292" endtime="20210706 00:00:37.294"/>
</kw>
<status status="PASS" starttime="20210706 00:00:37.292" endtime="20210706 00:00:37.294"/>
</iter>
<iter>
<var name="${count}">7</var>
<kw name="Log To Console" library="BuiltIn">
<arg>${\n}Estou no numero: ${count}</arg>
<doc>Logs the given message to the console.</doc>
<status status="PASS" starttime="20210706 00:00:37.294" endtime="20210706 00:00:37.295"/>
</kw>
<status status="PASS" starttime="20210706 00:00:37.294" endtime="20210706 00:00:37.295"/>
</iter>
<iter>
<var name="${count}">8</var>
<kw name="Log To Console" library="BuiltIn">
<arg>${\n}Estou no numero: ${count}</arg>
<doc>Logs the given message to the console.</doc>
<status status="PASS" starttime="20210706 00:00:37.295" endtime="20210706 00:00:37.296"/>
</kw>
<status status="PASS" starttime="20210706 00:00:37.295" endtime="20210706 00:00:37.296"/>
</iter>
<status status="PASS" starttime="20210706 00:00:37.286" endtime="20210706 00:00:37.296"/>
</for>
<status status="PASS" starttime="20210706 00:00:37.286" endtime="20210706 00:00:37.296"/>
</kw>
<status status="PASS" starttime="20210706 00:00:37.286" endtime="20210706 00:00:37.297"/>
</test>
<doc>testando lacos(for) com robot</doc>
<status status="PASS" starttime="20210706 00:00:37.277" endtime="20210706 00:00:37.298"/>
</suite>
<status status="PASS" starttime="20210706 00:00:37.255" endtime="20210706 00:00:37.299"/>
</suite>
<statistics>
<total>
<stat pass="1" fail="0" skip="0">All Tests</stat>
</total>
<tag>
</tag>
<suite>
<stat pass="1" fail="0" skip="0" id="s1" name="For">For</stat>
<stat pass="1" fail="0" skip="0" id="s1-s1" name="For">For.For</stat>
</suite>
</statistics>
<errors>
</errors>
</robot>
