<?xml version="1.0" encoding="UTF-8"?>
<robot generator="Robot 4.0.3 (Python 3.9.5 on win32)" generated="20210705 23:44:16.851" rpa="false" schemaversion="2">
<suite id="s1" name="Argumentos Retornos" source="C:\Users\gabri\OneDrive\Documentos\PrimeExperts Projects\PrimeExperts_junho_28_2021\argumentos_retornos">
<suite id="s1-s1" name="Argumentos Retornos" source="C:\Users\gabri\OneDrive\Documentos\PrimeExperts Projects\PrimeExperts_junho_28_2021\argumentos_retornos\argumentos_retornos.robot">
<kw name="kw para executar no setup da Suite" type="SETUP">
<kw name="Log To Console" library="BuiltIn">
<arg>Essa KW foi executada no Setup da Suite</arg>
<doc>Logs the given message to the console.</doc>
<status status="PASS" starttime="20210705 23:44:16.884" endtime="20210705 23:44:16.885"/>
</kw>
<status status="PASS" starttime="20210705 23:44:16.884" endtime="20210705 23:44:16.885"/>
</kw>
<test id="s1-s1-t1" name="Meu teste de soma">
<kw name="kw para executar no setup de cada Teste" type="SETUP">
<kw name="Log To Console" library="BuiltIn">
<arg>Essa KW foi executada no setup de cada Teste</arg>
<doc>Logs the given message to the console.</doc>
<status status="PASS" starttime="20210705 23:44:16.885" endtime="20210705 23:44:16.886"/>
</kw>
<status status="PASS" starttime="20210705 23:44:16.885" endtime="20210705 23:44:16.886"/>
</kw>
<kw name="somar dois numeros">
<var>${resultado_da_soma}</var>
<arg>1</arg>
<arg>2</arg>
<kw name="Evaluate" library="BuiltIn">
<var>${resultado_da_expressao}</var>
<arg>${primeiro_num}+${segundo_num}</arg>
<doc>Evaluates the given expression in Python and returns the result.</doc>
<msg timestamp="20210705 23:44:16.886" level="INFO">${resultado_da_expressao} = 3</msg>
<status status="PASS" starttime="20210705 23:44:16.886" endtime="20210705 23:44:16.886"/>
</kw>
<kw name="Log To Console" library="BuiltIn">
<arg>${\n}O resultado é: ${resultado_da_expressao}</arg>
<doc>Logs the given message to the console.</doc>
<status status="PASS" starttime="20210705 23:44:16.886" endtime="20210705 23:44:16.887"/>
</kw>
<msg timestamp="20210705 23:44:16.887" level="INFO">${resultado_da_soma} = 3</msg>
<status status="PASS" starttime="20210705 23:44:16.886" endtime="20210705 23:44:16.887"/>
</kw>
<kw name="Log" library="BuiltIn">
<arg>${resultado_da_soma}</arg>
<doc>Logs the given message with the given level.</doc>
<msg timestamp="20210705 23:44:16.887" level="INFO">3</msg>
<status status="PASS" starttime="20210705 23:44:16.887" endtime="20210705 23:44:16.887"/>
</kw>
<kw name="somar dois numeros">
<var>${resultado_da_soma}</var>
<arg>${resultado_da_soma}</arg>
<arg>4</arg>
<kw name="Evaluate" library="BuiltIn">
<var>${resultado_da_expressao}</var>
<arg>${primeiro_num}+${segundo_num}</arg>
<doc>Evaluates the given expression in Python and returns the result.</doc>
<msg timestamp="20210705 23:44:16.888" level="INFO">${resultado_da_expressao} = 7</msg>
<status status="PASS" starttime="20210705 23:44:16.888" endtime="20210705 23:44:16.888"/>
</kw>
<kw name="Log To Console" library="BuiltIn">
<arg>${\n}O resultado é: ${resultado_da_expressao}</arg>
<doc>Logs the given message to the console.</doc>
<status status="PASS" starttime="20210705 23:44:16.888" endtime="20210705 23:44:16.888"/>
</kw>
<msg timestamp="20210705 23:44:16.888" level="INFO">${resultado_da_soma} = 7</msg>
<status status="PASS" starttime="20210705 23:44:16.887" endtime="20210705 23:44:16.888"/>
</kw>
<kw name="Log" library="BuiltIn">
<arg>${resultado_da_soma}</arg>
<doc>Logs the given message with the given level.</doc>
<msg timestamp="20210705 23:44:16.889" level="INFO">7</msg>
<status status="PASS" starttime="20210705 23:44:16.889" endtime="20210705 23:44:16.889"/>
</kw>
<kw name="kw para executar no Teardown de cada Teste" type="TEARDOWN">
<kw name="Log To Console" library="BuiltIn">
<arg>Essa KW foi executada no Teardown deste Teste!</arg>
<doc>Logs the given message to the console.</doc>
<status status="PASS" starttime="20210705 23:44:16.889" endtime="20210705 23:44:16.890"/>
</kw>
<status status="PASS" starttime="20210705 23:44:16.889" endtime="20210705 23:44:16.890"/>
</kw>
<status status="PASS" starttime="20210705 23:44:16.885" endtime="20210705 23:44:16.890"/>
</test>
<test id="s1-s1-t2" name="Meu teste de soma 2">
<kw name="kw para executar no setup de cada Teste" type="SETUP">
<kw name="Log To Console" library="BuiltIn">
<arg>Essa KW foi executada no setup de cada Teste</arg>
<doc>Logs the given message to the console.</doc>
<status status="PASS" starttime="20210705 23:44:16.891" endtime="20210705 23:44:16.891"/>
</kw>
<status status="PASS" starttime="20210705 23:44:16.891" endtime="20210705 23:44:16.891"/>
</kw>
<kw name="somar dois numeros">
<arg>3</arg>
<arg>4</arg>
<kw name="Evaluate" library="BuiltIn">
<var>${resultado_da_expressao}</var>
<arg>${primeiro_num}+${segundo_num}</arg>
<doc>Evaluates the given expression in Python and returns the result.</doc>
<msg timestamp="20210705 23:44:16.892" level="INFO">${resultado_da_expressao} = 7</msg>
<status status="PASS" starttime="20210705 23:44:16.892" endtime="20210705 23:44:16.892"/>
</kw>
<kw name="Log To Console" library="BuiltIn">
<arg>${\n}O resultado é: ${resultado_da_expressao}</arg>
<doc>Logs the given message to the console.</doc>
<status status="PASS" starttime="20210705 23:44:16.892" endtime="20210705 23:44:16.893"/>
</kw>
<status status="PASS" starttime="20210705 23:44:16.892" endtime="20210705 23:44:16.893"/>
</kw>
<kw name="kw para executar no Teardown de cada Teste" type="TEARDOWN">
<kw name="Log To Console" library="BuiltIn">
<arg>Essa KW foi executada no Teardown deste Teste!</arg>
<doc>Logs the given message to the console.</doc>
<status status="PASS" starttime="20210705 23:44:16.895" endtime="20210705 23:44:16.895"/>
</kw>
<status status="PASS" starttime="20210705 23:44:16.894" endtime="20210705 23:44:16.896"/>
</kw>
<status status="PASS" starttime="20210705 23:44:16.891" endtime="20210705 23:44:16.896"/>
</test>
<kw name="kw para executar no Teardown da Suite" type="TEARDOWN">
<kw name="Log To Console" library="BuiltIn">
<arg>Essa KW foi executada no Teardown desta Suite!!!</arg>
<doc>Logs the given message to the console.</doc>
<status status="PASS" starttime="20210705 23:44:16.898" endtime="20210705 23:44:16.898"/>
</kw>
<status status="PASS" starttime="20210705 23:44:16.897" endtime="20210705 23:44:16.898"/>
</kw>
<doc>testando argumentos e retornos</doc>
<status status="PASS" starttime="20210705 23:44:16.874" endtime="20210705 23:44:16.898"/>
</suite>
<status status="PASS" starttime="20210705 23:44:16.852" endtime="20210705 23:44:16.900"/>
</suite>
<statistics>
<total>
<stat pass="2" fail="0" skip="0">All Tests</stat>
</total>
<tag>
</tag>
<suite>
<stat pass="2" fail="0" skip="0" id="s1" name="Argumentos Retornos">Argumentos Retornos</stat>
<stat pass="2" fail="0" skip="0" id="s1-s1" name="Argumentos Retornos">Argumentos Retornos.Argumentos Retornos</stat>
</suite>
</statistics>
<errors>
</errors>
</robot>
